android-app/app/build/intermediates/manifest_merge_blame_file/debug/processDebugMainManifest/manifest-merger-blame-debug-report.txt
1<?xml version="1.0" encoding="utf-8"?>
2<manifest xmlns:android="http://schemas.android.com/apk/res/android"
3    package="com.wifikeycontrol"
4    android:versionCode="1"
5    android:versionName="1.0" >
6
7    <uses-sdk
8        android:minSdkVersion="24"
9        android:targetSdkVersion="34" />
10
11    <!-- Required permissions from planning.md -->
12    <uses-permission android:name="android.permission.INTERNET" />
12-->src/main/AndroidManifest.xml:6:5-67
12-->src/main/AndroidManifest.xml:6:22-64
13    <uses-permission android:name="android.permission.ACCESS_NETWORK_STATE" />
13-->src/main/AndroidManifest.xml:7:5-79
13-->src/main/AndroidManifest.xml:7:22-76
14    <uses-permission android:name="android.permission.ACCESS_WIFI_STATE" />
14-->src/main/AndroidManifest.xml:8:5-76
14-->src/main/AndroidManifest.xml:8:22-73
15    <uses-permission android:name="android.permission.CHANGE_WIFI_MULTICAST_STATE" />
15-->src/main/AndroidManifest.xml:9:5-86
15-->src/main/AndroidManifest.xml:9:22-83
16
17    <!-- Foreground service and notification permissions -->
18    <uses-permission android:name="android.permission.FOREGROUND_SERVICE" />
18-->src/main/AndroidManifest.xml:12:5-77
18-->src/main/AndroidManifest.xml:12:22-74
19    <uses-permission android:name="android.permission.POST_NOTIFICATIONS" />
19-->src/main/AndroidManifest.xml:13:5-77
19-->src/main/AndroidManifest.xml:13:22-74
20    <uses-permission android:name="android.permission.FOREGROUND_SERVICE_DATA_SYNC" />
20-->src/main/AndroidManifest.xml:14:5-87
20-->src/main/AndroidManifest.xml:14:22-84
21
22    <!--
23     Note: BIND_ACCESSIBILITY_SERVICE and BIND_INPUT_METHOD permissions
24     are granted through service declarations, not uses-permission tags
25    -->
26
27
28    <!-- System settings and overlay permissions -->
29    <uses-permission android:name="android.permission.SYSTEM_ALERT_WINDOW" />
29-->src/main/AndroidManifest.xml:21:5-78
29-->src/main/AndroidManifest.xml:21:22-75
30    <uses-permission android:name="android.permission.WRITE_SETTINGS" />
30-->src/main/AndroidManifest.xml:22:5-23:47
30-->src/main/AndroidManifest.xml:22:22-70
31
32    <!-- Wake lock for keeping service alive -->
33    <uses-permission android:name="android.permission.WAKE_LOCK" />
33-->src/main/AndroidManifest.xml:26:5-68
33-->src/main/AndroidManifest.xml:26:22-65
34
35    <!-- Battery optimization whitelist request -->
36    <uses-permission android:name="android.permission.REQUEST_IGNORE_BATTERY_OPTIMIZATIONS" />
36-->src/main/AndroidManifest.xml:29:5-95
36-->src/main/AndroidManifest.xml:29:22-92
37
38    <!-- Queries for Android 11+ package visibility -->
39    <queries>
39-->src/main/AndroidManifest.xml:149:5-161:15
40
41        <!-- System settings app -->
42        <intent>
42-->src/main/AndroidManifest.xml:151:9-153:18
43            <action android:name="android.settings.ACCESSIBILITY_SETTINGS" />
43-->src/main/AndroidManifest.xml:152:13-78
43-->src/main/AndroidManifest.xml:152:21-75
44        </intent>
45        <intent>
45-->src/main/AndroidManifest.xml:154:9-156:18
46            <action android:name="android.settings.INPUT_METHOD_SETTINGS" />
46-->src/main/AndroidManifest.xml:155:13-77
46-->src/main/AndroidManifest.xml:155:21-74
47        </intent>
48        <!-- Battery optimization settings -->
49        <intent>
49-->src/main/AndroidManifest.xml:158:9-160:18
50            <action android:name="android.settings.IGNORE_BATTERY_OPTIMIZATION_SETTINGS" />
50-->src/main/AndroidManifest.xml:159:13-92
50-->src/main/AndroidManifest.xml:159:21-89
51        </intent>
52    </queries>
53
54    <permission
54-->[androidx.core:core:1.12.0] AndroidManifest.xml:22:5-24:47
55        android:name="com.wifikeycontrol.DYNAMIC_RECEIVER_NOT_EXPORTED_PERMISSION"
55-->[androidx.core:core:1.12.0] AndroidManifest.xml:23:9-81
56        android:protectionLevel="signature" />
56-->[androidx.core:core:1.12.0] AndroidManifest.xml:24:9-44
57
58    <uses-permission android:name="com.wifikeycontrol.DYNAMIC_RECEIVER_NOT_EXPORTED_PERMISSION" />
58-->[androidx.core:core:1.12.0] AndroidManifest.xml:26:5-97
58-->[androidx.core:core:1.12.0] AndroidManifest.xml:26:22-94
59
60    <application
60-->src/main/AndroidManifest.xml:31:5-146:19
61        android:allowBackup="true"
61-->src/main/AndroidManifest.xml:32:9-35
62        android:appComponentFactory="androidx.core.app.CoreComponentFactory"
62-->[androidx.core:core:1.12.0] AndroidManifest.xml:28:18-86
63        android:dataExtractionRules="@xml/data_extraction_rules"
63-->src/main/AndroidManifest.xml:33:9-65
64        android:debuggable="true"
65        android:extractNativeLibs="false"
66        android:fullBackupContent="@xml/backup_rules"
66-->src/main/AndroidManifest.xml:34:9-54
67        android:icon="@drawable/ic_launcher"
67-->src/main/AndroidManifest.xml:35:9-45
68        android:label="@string/app_name"
68-->src/main/AndroidManifest.xml:36:9-41
69        android:roundIcon="@drawable/ic_launcher_round"
69-->src/main/AndroidManifest.xml:37:9-56
70        android:supportsRtl="true"
70-->src/main/AndroidManifest.xml:38:9-35
71        android:testOnly="true"
72        android:theme="@style/Theme.WiFiKeyControl" >
72-->src/main/AndroidManifest.xml:39:9-52
73
74        <!-- Main Activity -->
75        <activity
75-->src/main/AndroidManifest.xml:43:9-53:20
76            android:name="com.wifikeycontrol.MainActivity"
76-->src/main/AndroidManifest.xml:44:13-41
77            android:exported="true"
77-->src/main/AndroidManifest.xml:45:13-36
78            android:launchMode="singleTop"
78-->src/main/AndroidManifest.xml:48:13-43
79            android:screenOrientation="portrait"
79-->src/main/AndroidManifest.xml:47:13-49
80            android:theme="@style/Theme.WiFiKeyControl" >
80-->src/main/AndroidManifest.xml:46:13-56
81            <intent-filter>
81-->src/main/AndroidManifest.xml:49:13-52:29
82                <action android:name="android.intent.action.MAIN" />
82-->src/main/AndroidManifest.xml:50:17-69
82-->src/main/AndroidManifest.xml:50:25-66
83
84                <category android:name="android.intent.category.LAUNCHER" />
84-->src/main/AndroidManifest.xml:51:17-77
84-->src/main/AndroidManifest.xml:51:27-74
85            </intent-filter>
86        </activity>
87
88        <!-- Connection Service - Handles TCP communication with PC -->
89        <service
89-->src/main/AndroidManifest.xml:56:9-60:56
90            android:name="com.wifikeycontrol.services.ConnectionService"
90-->src/main/AndroidManifest.xml:57:13-55
91            android:enabled="true"
91-->src/main/AndroidManifest.xml:58:13-35
92            android:exported="false"
92-->src/main/AndroidManifest.xml:59:13-37
93            android:foregroundServiceType="dataSync" />
93-->src/main/AndroidManifest.xml:60:13-53
94
95        <!-- Input Simulator Service - Accessibility service for touch simulation -->
96        <service
96-->src/main/AndroidManifest.xml:63:9-74:19
97            android:name="com.wifikeycontrol.services.InputSimulatorService"
97-->src/main/AndroidManifest.xml:64:13-59
98            android:enabled="true"
98-->src/main/AndroidManifest.xml:65:13-35
99            android:exported="false"
99-->src/main/AndroidManifest.xml:66:13-37
100            android:permission="android.permission.BIND_ACCESSIBILITY_SERVICE" >
100-->src/main/AndroidManifest.xml:67:13-79
101            <intent-filter>
101-->src/main/AndroidManifest.xml:68:13-70:29
102                <action android:name="android.accessibilityservice.AccessibilityService" />
102-->src/main/AndroidManifest.xml:69:17-92
102-->src/main/AndroidManifest.xml:69:25-89
103            </intent-filter>
104
105            <meta-data
105-->src/main/AndroidManifest.xml:71:13-73:72
106                android:name="android.accessibilityservice"
106-->src/main/AndroidManifest.xml:72:17-60
107                android:resource="@xml/accessibility_service_config" />
107-->src/main/AndroidManifest.xml:73:17-69
108        </service>
109
110        <!-- Keyboard Service - Input method service for typing simulation -->
111        <service
111-->src/main/AndroidManifest.xml:77:9-88:19
112            android:name="com.wifikeycontrol.services.KeyboardService"
112-->src/main/AndroidManifest.xml:78:13-53
113            android:enabled="true"
113-->src/main/AndroidManifest.xml:79:13-35
114            android:exported="false"
114-->src/main/AndroidManifest.xml:80:13-37
115            android:permission="android.permission.BIND_INPUT_METHOD" >
115-->src/main/AndroidManifest.xml:81:13-70
116            <intent-filter>
116-->src/main/AndroidManifest.xml:82:13-84:29
117                <action android:name="android.view.InputMethod" />
117-->src/main/AndroidManifest.xml:83:17-67
117-->src/main/AndroidManifest.xml:83:25-64
118            </intent-filter>
119
120            <meta-data
120-->src/main/AndroidManifest.xml:85:13-87:63
121                android:name="android.view.im"
121-->src/main/AndroidManifest.xml:86:17-47
122                android:resource="@xml/input_method_config" />
122-->src/main/AndroidManifest.xml:87:17-60
123        </service>
124
125        <!-- Network Discovery Receiver - For UDP discovery messages -->
126        <receiver
126-->src/main/AndroidManifest.xml:91:9-99:20
127            android:name="com.wifikeycontrol.receivers.NetworkDiscoveryReceiver"
127-->src/main/AndroidManifest.xml:92:13-63
128            android:enabled="true"
128-->src/main/AndroidManifest.xml:93:13-35
129            android:exported="false" >
129-->src/main/AndroidManifest.xml:94:13-37
130            <intent-filter>
130-->src/main/AndroidManifest.xml:95:13-98:29
131                <action android:name="android.net.conn.CONNECTIVITY_CHANGE" />
131-->src/main/AndroidManifest.xml:96:17-79
131-->src/main/AndroidManifest.xml:96:25-76
132                <action android:name="android.net.wifi.WIFI_STATE_CHANGED" />
132-->src/main/AndroidManifest.xml:97:17-78
132-->src/main/AndroidManifest.xml:97:25-75
133            </intent-filter>
134        </receiver>
135
136        <!-- Boot Receiver - Auto-start on boot (optional) -->
137        <receiver
137-->src/main/AndroidManifest.xml:102:9-112:20
138            android:name="com.wifikeycontrol.receivers.BootReceiver"
138-->src/main/AndroidManifest.xml:103:13-51
139            android:enabled="true"
139-->src/main/AndroidManifest.xml:104:13-35
140            android:exported="false" >
140-->src/main/AndroidManifest.xml:105:13-37
141            <intent-filter>
141-->src/main/AndroidManifest.xml:106:13-111:29
142                <action android:name="android.intent.action.BOOT_COMPLETED" />
142-->src/main/AndroidManifest.xml:107:17-79
142-->src/main/AndroidManifest.xml:107:25-76
143                <action android:name="android.intent.action.MY_PACKAGE_REPLACED" />
143-->src/main/AndroidManifest.xml:108:17-84
143-->src/main/AndroidManifest.xml:108:25-81
144                <action android:name="android.intent.action.PACKAGE_REPLACED" />
144-->src/main/AndroidManifest.xml:109:17-81
144-->src/main/AndroidManifest.xml:109:25-78
145
146                <data android:scheme="package" />
146-->src/main/AndroidManifest.xml:110:17-50
146-->src/main/AndroidManifest.xml:110:23-47
147            </intent-filter>
148        </receiver>
149
150        <!-- Settings Activity - For configuration -->
151        <activity
151-->src/main/AndroidManifest.xml:115:9-119:59
152            android:name="com.wifikeycontrol.SettingsActivity"
152-->src/main/AndroidManifest.xml:116:13-45
153            android:exported="false"
153-->src/main/AndroidManifest.xml:117:13-37
154            android:parentActivityName="com.wifikeycontrol.MainActivity"
154-->src/main/AndroidManifest.xml:118:13-55
155            android:theme="@style/Theme.WiFiKeyControl" />
155-->src/main/AndroidManifest.xml:119:13-56
156
157        <!-- Accessibility Settings Activity - To guide users to enable accessibility -->
158        <activity
158-->src/main/AndroidManifest.xml:122:9-126:59
159            android:name="com.wifikeycontrol.AccessibilitySettingsActivity"
159-->src/main/AndroidManifest.xml:123:13-58
160            android:exported="false"
160-->src/main/AndroidManifest.xml:124:13-37
161            android:parentActivityName="com.wifikeycontrol.MainActivity"
161-->src/main/AndroidManifest.xml:125:13-55
162            android:theme="@style/Theme.WiFiKeyControl" />
162-->src/main/AndroidManifest.xml:126:13-56
163
164        <!-- Input Method Settings Activity - To guide users to enable keyboard -->
165        <activity
165-->src/main/AndroidManifest.xml:129:9-133:59
166            android:name="com.wifikeycontrol.KeyboardSettingsActivity"
166-->src/main/AndroidManifest.xml:130:13-53
167            android:exported="false"
167-->src/main/AndroidManifest.xml:131:13-37
168            android:parentActivityName="com.wifikeycontrol.MainActivity"
168-->src/main/AndroidManifest.xml:132:13-55
169            android:theme="@style/Theme.WiFiKeyControl" />
169-->src/main/AndroidManifest.xml:133:13-56
170
171        <!-- File provider for sharing configuration files (Phase 2) -->
172        <provider
173            android:name="androidx.core.content.FileProvider"
173-->src/main/AndroidManifest.xml:137:13-62
174            android:authorities="com.wifikeycontrol.fileprovider"
174-->src/main/AndroidManifest.xml:138:13-64
175            android:exported="false"
175-->src/main/AndroidManifest.xml:139:13-37
176            android:grantUriPermissions="true" >
176-->src/main/AndroidManifest.xml:140:13-47
177            <meta-data
177-->src/main/AndroidManifest.xml:141:13-143:54
178                android:name="android.support.FILE_PROVIDER_PATHS"
178-->src/main/AndroidManifest.xml:142:17-67
179                android:resource="@xml/file_paths" />
179-->src/main/AndroidManifest.xml:143:17-51
180        </provider>
181        <provider
181-->[androidx.emoji2:emoji2:1.2.0] AndroidManifest.xml:24:9-32:20
182            android:name="androidx.startup.InitializationProvider"
182-->[androidx.emoji2:emoji2:1.2.0] AndroidManifest.xml:25:13-67
183            android:authorities="com.wifikeycontrol.androidx-startup"
183-->[androidx.emoji2:emoji2:1.2.0] AndroidManifest.xml:26:13-68
184            android:exported="false" >
184-->[androidx.emoji2:emoji2:1.2.0] AndroidManifest.xml:27:13-37
185            <meta-data
185-->[androidx.emoji2:emoji2:1.2.0] AndroidManifest.xml:29:13-31:52
186                android:name="androidx.emoji2.text.EmojiCompatInitializer"
186-->[androidx.emoji2:emoji2:1.2.0] AndroidManifest.xml:30:17-75
187                android:value="androidx.startup" />
187-->[androidx.emoji2:emoji2:1.2.0] AndroidManifest.xml:31:17-49
188            <meta-data
188-->[androidx.lifecycle:lifecycle-process:2.7.0] AndroidManifest.xml:29:13-31:52
189                android:name="androidx.lifecycle.ProcessLifecycleInitializer"
189-->[androidx.lifecycle:lifecycle-process:2.7.0] AndroidManifest.xml:30:17-78
190                android:value="androidx.startup" />
190-->[androidx.lifecycle:lifecycle-process:2.7.0] AndroidManifest.xml:31:17-49
191            <meta-data
191-->[androidx.profileinstaller:profileinstaller:1.3.0] AndroidManifest.xml:29:13-31:52
192                android:name="androidx.profileinstaller.ProfileInstallerInitializer"
192-->[androidx.profileinstaller:profileinstaller:1.3.0] AndroidManifest.xml:30:17-85
193                android:value="androidx.startup" />
193-->[androidx.profileinstaller:profileinstaller:1.3.0] AndroidManifest.xml:31:17-49
194        </provider>
195
196        <receiver
196-->[androidx.profileinstaller:profileinstaller:1.3.0] AndroidManifest.xml:34:9-52:20
197            android:name="androidx.profileinstaller.ProfileInstallReceiver"
197-->[androidx.profileinstaller:profileinstaller:1.3.0] AndroidManifest.xml:35:13-76
198            android:directBootAware="false"
198-->[androidx.profileinstaller:profileinstaller:1.3.0] AndroidManifest.xml:36:13-44
199            android:enabled="true"
199-->[androidx.profileinstaller:profileinstaller:1.3.0] AndroidManifest.xml:37:13-35
200            android:exported="true"
200-->[androidx.profileinstaller:profileinstaller:1.3.0] AndroidManifest.xml:38:13-36
201            android:permission="android.permission.DUMP" >
201-->[androidx.profileinstaller:profileinstaller:1.3.0] AndroidManifest.xml:39:13-57
202            <intent-filter>
202-->[androidx.profileinstaller:profileinstaller:1.3.0] AndroidManifest.xml:40:13-42:29
203                <action android:name="androidx.profileinstaller.action.INSTALL_PROFILE" />
203-->[androidx.profileinstaller:profileinstaller:1.3.0] AndroidManifest.xml:41:17-91
203-->[androidx.profileinstaller:profileinstaller:1.3.0] AndroidManifest.xml:41:25-88
204            </intent-filter>
205            <intent-filter>
205-->[androidx.profileinstaller:profileinstaller:1.3.0] AndroidManifest.xml:43:13-45:29
206                <action android:name="androidx.profileinstaller.action.SKIP_FILE" />
206-->[androidx.profileinstaller:profileinstaller:1.3.0] AndroidManifest.xml:44:17-85
206-->[androidx.profileinstaller:profileinstaller:1.3.0] AndroidManifest.xml:44:25-82
207            </intent-filter>
208            <intent-filter>
208-->[androidx.profileinstaller:profileinstaller:1.3.0] AndroidManifest.xml:46:13-48:29
209                <action android:name="androidx.profileinstaller.action.SAVE_PROFILE" />
209-->[androidx.profileinstaller:profileinstaller:1.3.0] AndroidManifest.xml:47:17-88
209-->[androidx.profileinstaller:profileinstaller:1.3.0] AndroidManifest.xml:47:25-85
210            </intent-filter>
211            <intent-filter>
211-->[androidx.profileinstaller:profileinstaller:1.3.0] AndroidManifest.xml:49:13-51:29
212                <action android:name="androidx.profileinstaller.action.BENCHMARK_OPERATION" />
212-->[androidx.profileinstaller:profileinstaller:1.3.0] AndroidManifest.xml:50:17-95
212-->[androidx.profileinstaller:profileinstaller:1.3.0] AndroidManifest.xml:50:25-92
213            </intent-filter>
214        </receiver>
215    </application>
216
217</manifest>